2025-06-29 01:04:47,330 - ERROR - Error while reading YAML file
2025-06-29 01:06:30,783 - ERROR - Error while reading YAML file
2025-06-29 01:06:42,826 - ERROR - Error while reading YAML file
2025-06-29 01:08:05,996 - ERROR - Error while reading YAML file
2025-06-29 01:08:17,684 - ERROR - Error while reading YAML file
2025-06-29 01:09:57,845 - ERROR - Error while reading YAML file
2025-06-29 01:12:55,871 - ERROR - Error reading YAML file at config/config.yaml: YAML file not found at: config/config.yaml
2025-06-29 01:13:32,301 - ERROR - Error while reading YAML file
2025-06-29 01:14:37,390 - ERROR - Error while reading YAML file
2025-06-29 01:16:37,734 - INFO - Succesfully read the YAML file
2025-06-29 01:16:37,734 - INFO - Data Ingestion started ...
2025-06-29 01:16:37,734 - INFO - starting data ingestion process....
2025-06-29 01:16:38,398 - ERROR - error while downloading the data from gcp
2025-06-29 01:16:38,398 - ERROR - custom Exception: Error in C:\Users\risha\projects\Hybrid_Anime_Recommendation\src\data_ingestion.py , line 41 : faild to download data from gcp
2025-06-29 01:16:38,398 - INFO - data ingestion done...
2025-06-29 01:25:39,311 - INFO - Succesfully read the YAML file
2025-06-29 01:25:39,311 - INFO - Data Ingestion started ...
2025-06-29 01:25:39,312 - INFO - starting data ingestion process....
2025-06-29 01:25:39,872 - ERROR - error while downloading the data from gcp
2025-06-29 01:25:39,872 - ERROR - custom Exception: Error in C:\Users\risha\projects\Hybrid_Anime_Recommendation\src\data_ingestion.py , line 41 : faild to download data from gcp
2025-06-29 01:25:39,872 - INFO - data ingestion done...
2025-06-29 16:48:33,634 - INFO - Succesfully read the YAML file
2025-06-29 16:48:33,635 - INFO - Data Ingestion started ...
2025-06-29 16:48:33,635 - INFO - starting data ingestion process....
2025-06-29 16:48:38,577 - ERROR - error while downloading the data from gcp
2025-06-29 16:48:38,577 - ERROR - custom Exception: Error in C:\Users\risha\projects\Hybrid_Anime_Recommendation\src\data_ingestion.py , line 41 : faild to download data from gcp
2025-06-29 16:48:38,577 - INFO - data ingestion done...
2025-06-29 16:51:20,475 - INFO - Succesfully read the YAML file
2025-06-29 16:51:20,475 - INFO - Data Ingestion started ...
2025-06-29 16:51:20,475 - INFO - starting data ingestion process....
2025-06-29 16:51:23,302 - ERROR - error while downloading the data from gcp
2025-06-29 16:51:23,302 - ERROR - custom Exception: Error in C:\Users\risha\projects\Hybrid_Anime_Recommendation\src\data_ingestion.py , line 41 : faild to download data from gcp
2025-06-29 16:51:23,302 - INFO - data ingestion done...
2025-06-29 16:52:40,643 - INFO - Succesfully read the YAML file
2025-06-29 16:52:40,643 - INFO - Data Ingestion started ...
2025-06-29 16:52:40,643 - INFO - starting data ingestion process....
2025-06-29 16:52:43,364 - ERROR - error while downloading the data from gcp
2025-06-29 16:52:43,364 - ERROR - custom Exception: Error in C:\Users\risha\projects\Hybrid_Anime_Recommendation\src\data_ingestion.py , line 41 : faild to download data from gcp
2025-06-29 16:52:43,364 - INFO - data ingestion done...
2025-06-29 16:54:33,471 - INFO - Succesfully read the YAML file
2025-06-29 16:54:33,471 - INFO - Data Ingestion started ...
2025-06-29 16:54:33,472 - INFO - starting data ingestion process....
2025-06-29 16:54:36,286 - ERROR - error while downloading the data from gcp
2025-06-29 16:54:36,286 - ERROR - custom Exception: Error in C:\Users\risha\projects\Hybrid_Anime_Recommendation\src\data_ingestion.py , line 41 : faild to download data from gcp
2025-06-29 16:54:36,286 - INFO - data ingestion done...
2025-06-29 17:01:25,065 - INFO - Succesfully read the YAML file
2025-06-29 17:01:25,065 - INFO - Data Ingestion started ...
2025-06-29 17:01:25,065 - INFO - starting data ingestion process....
2025-06-29 17:01:30,836 - INFO - downloading smaller file ie anime and anime with synopsis
2025-06-29 17:01:33,691 - INFO - downloading smaller file ie anime and anime with synopsis
2025-06-29 17:09:59,524 - INFO - Large file detected only downloding 5M rows
2025-06-29 17:09:59,537 - INFO - DATA INGESTION COMPLETED
2025-06-29 17:09:59,537 - INFO - data ingestion done...
