2025-07-04 00:21:26,271 - INFO - Model Training & COMET ML initialized..
2025-07-04 00:21:26,363 - INFO - Data loaded sucesfully for Model Trainig
2025-07-04 00:21:26,410 - INFO - Succesfully read the YAML file
2025-07-04 00:21:26,410 - INFO - Loaded configuration from config.yaml
2025-07-04 00:21:26,497 - INFO - Model created sucesfully....
2025-07-04 00:22:25,918 - INFO - Model training Completedd.....
2025-07-04 00:22:25,918 - WARNING - You are saving your model as an HDF5 file via `model.save()` or `keras.saving.save_model(model)`. This file format is considered legacy. We recommend using instead the native Keras format, e.g. `model.save('my_model.keras')` or `keras.saving.save_model(model, 'my_model.keras')`. 
2025-07-04 00:22:25,982 - INFO - Model saved to artifacts/model\model.h5
2025-07-04 00:22:25,985 - INFO - Extracting weights for user_embedding
2025-07-04 00:22:25,993 - INFO - Extracting weights for anime_embedding
2025-07-04 00:22:26,064 - INFO - User and Anime weights saved sucesfully....
2025-07-04 00:30:44,941 - INFO - DataProcessing Intialized
2025-07-04 00:30:45,911 - INFO - Data loaded sucesfully for Data Processing
2025-07-04 00:30:46,089 - INFO - Filtered users sucesfully...
2025-07-04 00:30:46,981 - INFO - Scalind done for Processing 
2025-07-04 00:30:47,095 - INFO - Encoding done for Users and Anime
2025-07-04 00:30:47,628 - INFO - Data splitted sucesfullyy
2025-07-04 00:30:47,638 - INFO - user2user_encoded saved sucesfully in processed directory
2025-07-04 00:30:47,646 - INFO - user2user_decoded saved sucesfully in processed directory
2025-07-04 00:30:47,677 - INFO - anim2anime_encoded saved sucesfully in processed directory
2025-07-04 00:30:47,706 - INFO - anim2anime_decoded saved sucesfully in processed directory
2025-07-04 00:30:51,460 - INFO - ALl the training testing data as well as rating_df is saved now..
2025-07-04 00:30:57,236 - INFO - DF AND SYNOPSIS_Df saved sucesfullyy...
2025-07-04 00:30:57,238 - INFO - Data Processing Pipeline Run sucesfully .... Congrats
2025-07-04 00:31:03,990 - INFO - Model Training & COMET ML initialized..
2025-07-04 00:31:04,083 - INFO - Data loaded sucesfully for Model Trainig
2025-07-04 00:31:04,132 - INFO - Succesfully read the YAML file
2025-07-04 00:31:04,132 - INFO - Loaded configuration from config.yaml
2025-07-04 00:31:04,253 - INFO - Model created sucesfully....
2025-07-04 00:32:00,177 - INFO - Model training Completedd.....
2025-07-04 00:32:00,177 - WARNING - You are saving your model as an HDF5 file via `model.save()` or `keras.saving.save_model(model)`. This file format is considered legacy. We recommend using instead the native Keras format, e.g. `model.save('my_model.keras')` or `keras.saving.save_model(model, 'my_model.keras')`. 
2025-07-04 00:32:00,221 - INFO - Model saved to artifacts/model\model.h5
2025-07-04 00:32:00,224 - INFO - Extracting weights for user_embedding
2025-07-04 00:32:00,230 - INFO - Extracting weights for anime_embedding
2025-07-04 00:32:00,298 - INFO - User and Anime weights saved sucesfully....
